 _ _ _     ____                                             _ 
| (_) |__ |  _ \ __ _ _ __ __ _ _ __  _   _ _ __ ___   __ _| |
| | | '_ \| |_) / _` | '__/ _` | '_ \| | | | '_ ` _ \ / _` | |
| | | |_) |  __/ (_| | | | (_| | | | | |_| | | | | | | (_| | |
|_|_|_.__/|_|   \__,_|_|  \__,_|_| |_|\__,_|_| |_| |_|\__,_|_|

Version: 0.5.0 
Contributing developers: Noel Chalmers, Ali Karakus, Kasia Swirydowicz,
                         Anthony Austin, & Tim Warburton

OCCA Settings:

Name:  [THREAD MODEL]
Value: CUDA
Description: OCCA's Parallel execution platform
Possible values: { Serial, OpenMP, CUDA, HIP, OpenCL }

Name:  [DEVICE NUMBER]
Value: 0
Description: Parallel device number

Mesh Settings:

Name:  [MESH FILE]
Value: cnsSquareCylinderTri2D.msh

Name:  [MESH DIMENSION]
Value: 2
Description: Dimension of input mesh
Possible values: { 2, 3 }

Name:  [ELEMENT TYPE]
Value: 3
Description: Type of mesh elements (number of edges)
Possible values: { 3, 4, 6, 12 }

Name:  [POLYNOMIAL DEGREE]
Value: 7
Description: Degree of polynomial finite element space
Possible values: { 1, 2, 3, 4, 5, 6, 7, 8, 9, 10, 11, 12, 13, 14, 15 }

Name:  [PARADOGS PARTITIONING]
Value: INERTIAL
Description: Type of Mesh partitioning
Possible values: { NONE, INERTIAL, SPECTRAL }

CNS Settings:

Name:  [DATA FILE]
Value: cnsUniform2D.h
Description: Boundary and Initial conditions header

Name:  [GAMMA]
Value: 1.4
Description: Specific heat ratio

Name:  [VISCOSITY]
Value: 0.00056
Description: Fluid viscosity

Name:  [ISOTHERMAL]
Value: FALSE
Description: Use Isothermal equation of state. When TRUE, energy equation is ignored.
Possible values: { TRUE, FALSE }

Name:  [ADVECTION TYPE]
Value: CUBATURE
Description: Integration type for flux terms
Possible values: { COLLOCATION, CUBATURE }

Name:  [TIME INTEGRATOR]
Value: DOPRI5
Description: Time integration method
Possible values: { AB3, DOPRI5, LSERK4 }

Name:  [START TIME]
Value: 0
Description: Start time for time integration

Name:  [FINAL TIME]
Value: 100.0
Description: End time for time integration

Name:  [OUTPUT INTERVAL]
Value: 1
Description: Time between printing output data

Name:  [OUTPUT TO FILE]
Value: FALSE
Description: Flag for writing fields to VTU files
Possible values: { TRUE, FALSE }

Name:  [OUTPUT FILE NAME]
Value: cnsSquareCylinderTri2D

--------------------------------------ParAdogs Report------------------------------------------
-----------------------------------------------------------------------------------------------
   Nranks   |    Elements   |   Per Rank Elements   |   Halo Faces   |   Per Rank Halo Faces  |
            |               |       (min,avg,max)   |                |         (min,avg,max)  |
-----------------------------------------------------------------------------------------------
        1   |        8162   |                8162   |            0   |                     0  |
            |               |                8162   |                |                     0  |
            |               |                8162   |                |                     0  |
-----------------------------------------------------------------------------------------------
   Partitioning time:   0.00 seconds                                                          |
-----------------------------------------------------------------------------------------------
 0.00 (0), 138.88 (time, timestep, norm)
 1.00 (205), 138.88 (time, timestep, norm)
 2.00 (399), 138.89 (time, timestep, norm)
 3.00 (592), 138.91 (time, timestep, norm)
 4.00 (784), 138.92 (time, timestep, norm)
 5.00 (977), 138.93 (time, timestep, norm)
 6.00 (1170), 138.94 (time, timestep, norm)
 7.00 (1363), 138.95 (time, timestep, norm)
 8.00 (1557), 138.92 (time, timestep, norm)
 9.00 (1751), 138.89 (time, timestep, norm)
10.00 (1944), 138.86 (time, timestep, norm)
11.00 (2138), 138.84 (time, timestep, norm)
12.00 (2332), 138.83 (time, timestep, norm)
13.00 (2526), 138.85 (time, timestep, norm)
14.00 (2720), 138.85 (time, timestep, norm)
15.00 (2914), 138.84 (time, timestep, norm)
16.00 (3108), 138.84 (time, timestep, norm)
17.00 (3302), 138.83 (time, timestep, norm)
18.00 (3496), 138.84 (time, timestep, norm)
19.00 (3690), 138.84 (time, timestep, norm)
20.00 (3884), 138.84 (time, timestep, norm)
21.00 (4078), 138.84 (time, timestep, norm)
22.00 (4273), 138.84 (time, timestep, norm)
23.00 (4467), 138.84 (time, timestep, norm)
24.00 (4661), 138.84 (time, timestep, norm)
25.00 (4855), 138.84 (time, timestep, norm)
26.00 (5050), 138.84 (time, timestep, norm)
27.00 (5244), 138.84 (time, timestep, norm)
28.00 (5438), 138.84 (time, timestep, norm)
29.00 (5632), 138.84 (time, timestep, norm)
30.00 (5826), 138.84 (time, timestep, norm)
31.00 (6020), 138.83 (time, timestep, norm)
32.00 (6215), 138.83 (time, timestep, norm)
33.00 (6409), 138.83 (time, timestep, norm)
34.00 (6603), 138.83 (time, timestep, norm)
35.00 (6798), 138.84 (time, timestep, norm)
36.00 (6992), 138.84 (time, timestep, norm)
37.00 (7185), 138.84 (time, timestep, norm)
38.00 (7378), 138.84 (time, timestep, norm)
39.00 (7571), 138.85 (time, timestep, norm)
40.00 (7764), 138.85 (time, timestep, norm)
41.00 (7958), 138.85 (time, timestep, norm)
42.00 (8151), 138.85 (time, timestep, norm)
43.00 (8344), 138.85 (time, timestep, norm)
44.00 (8537), 138.85 (time, timestep, norm)
45.00 (8730), 138.85 (time, timestep, norm)
46.00 (8923), 138.84 (time, timestep, norm)
47.00 (9116), 138.83 (time, timestep, norm)
48.00 (9309), 138.82 (time, timestep, norm)
49.00 (9503), 138.82 (time, timestep, norm)
50.00 (9696), 138.81 (time, timestep, norm)
51.00 (9889), 138.81 (time, timestep, norm)
52.00 (10082), 138.81 (time, timestep, norm)
53.00 (10275), 138.81 (time, timestep, norm)
54.00 (10468), 138.81 (time, timestep, norm)
55.00 (10662), 138.81 (time, timestep, norm)
56.00 (10855), 138.81 (time, timestep, norm)
57.00 (11048), 138.81 (time, timestep, norm)
58.00 (11241), 138.81 (time, timestep, norm)
59.00 (11434), 138.81 (time, timestep, norm)
60.00 (11627), 138.80 (time, timestep, norm)
61.00 (11820), 138.80 (time, timestep, norm)
62.00 (12014), 138.79 (time, timestep, norm)
63.00 (12207), 138.79 (time, timestep, norm)
64.00 (12400), 138.79 (time, timestep, norm)
65.00 (12593), 138.79 (time, timestep, norm)
66.00 (12786), 138.79 (time, timestep, norm)
67.00 (12979), 138.79 (time, timestep, norm)
68.00 (13173), 138.78 (time, timestep, norm)
69.00 (13366), 138.78 (time, timestep, norm)
70.00 (13559), 138.78 (time, timestep, norm)
71.00 (13752), 138.78 (time, timestep, norm)
72.00 (13945), 138.78 (time, timestep, norm)
73.00 (14138), 138.77 (time, timestep, norm)
74.00 (14331), 138.77 (time, timestep, norm)
75.00 (14525), 138.77 (time, timestep, norm)
76.00 (14718), 138.77 (time, timestep, norm)
77.00 (14911), 138.76 (time, timestep, norm)
78.00 (15104), 138.76 (time, timestep, norm)
79.00 (15297), 138.75 (time, timestep, norm)
80.00 (15490), 138.75 (time, timestep, norm)
81.00 (15684), 138.75 (time, timestep, norm)
82.00 (15877), 138.75 (time, timestep, norm)
83.00 (16070), 138.75 (time, timestep, norm)
84.00 (16263), 138.75 (time, timestep, norm)
85.00 (16456), 138.75 (time, timestep, norm)
86.00 (16649), 138.75 (time, timestep, norm)
87.00 (16842), 138.75 (time, timestep, norm)
88.00 (17036), 138.75 (time, timestep, norm)
89.00 (17229), 138.74 (time, timestep, norm)
90.00 (17422), 138.74 (time, timestep, norm)
91.00 (17615), 138.74 (time, timestep, norm)
92.00 (17808), 138.75 (time, timestep, norm)
93.00 (18001), 138.75 (time, timestep, norm)
94.00 (18194), 138.76 (time, timestep, norm)
95.00 (18388), 138.76 (time, timestep, norm)
96.00 (18581), 138.76 (time, timestep, norm)
97.00 (18774), 138.77 (time, timestep, norm)
98.00 (18967), 138.77 (time, timestep, norm)
99.00 (19160), 138.77 (time, timestep, norm)
100.00 (19353), 138.77 (time, timestep, norm)
Solution norm =  138.768042443718
